Determining if the pthread_create exist failed with the following output:
Change Dir: /home/alfredfn/mybot_ws/build/mybot_gazebo/CMakeFiles/CMakeTmp

Run Build Command:"/usr/bin/make" "cmTC_ebf0f/fast"
/usr/bin/make -f CMakeFiles/cmTC_ebf0f.dir/build.make CMakeFiles/cmTC_ebf0f.dir/build
make[1]: Entering directory '/home/alfredfn/mybot_ws/build/mybot_gazebo/CMakeFiles/CMakeTmp'
Building C object CMakeFiles/cmTC_ebf0f.dir/CheckSymbolExists.c.o
/usr/bin/cc     -o CMakeFiles/cmTC_ebf0f.dir/CheckSymbolExists.c.o   -c /home/alfredfn/mybot_ws/build/mybot_gazebo/CMakeFiles/CMakeTmp/CheckSymbolExists.c
Linking C executable cmTC_ebf0f
/usr/bin/cmake -E cmake_link_script CMakeFiles/cmTC_ebf0f.dir/link.txt --verbose=1
/usr/bin/cc       CMakeFiles/cmTC_ebf0f.dir/CheckSymbolExists.c.o  -o cmTC_ebf0f -rdynamic 
CMakeFiles/cmTC_ebf0f.dir/CheckSymbolExists.c.o: In function `main':
CheckSymbolExists.c:(.text+0x16): undefined reference to `pthread_create'
collect2: error: ld returned 1 exit status
CMakeFiles/cmTC_ebf0f.dir/build.make:97: recipe for target 'cmTC_ebf0f' failed
make[1]: *** [cmTC_ebf0f] Error 1
make[1]: Leaving directory '/home/alfredfn/mybot_ws/build/mybot_gazebo/CMakeFiles/CMakeTmp'
Makefile:126: recipe for target 'cmTC_ebf0f/fast' failed
make: *** [cmTC_ebf0f/fast] Error 2

File /home/alfredfn/mybot_ws/build/mybot_gazebo/CMakeFiles/CMakeTmp/CheckSymbolExists.c:
/* */
#include <pthread.h>

int main(int argc, char** argv)
{
  (void)argv;
#ifndef pthread_create
  return ((int*)(&pthread_create))[argc];
#else
  (void)argc;
  return 0;
#endif
}

Determining if the function pthread_create exists in the pthreads failed with the following output:
Change Dir: /home/alfredfn/mybot_ws/build/mybot_gazebo/CMakeFiles/CMakeTmp

Run Build Command:"/usr/bin/make" "cmTC_97e7a/fast"
/usr/bin/make -f CMakeFiles/cmTC_97e7a.dir/build.make CMakeFiles/cmTC_97e7a.dir/build
make[1]: Entering directory '/home/alfredfn/mybot_ws/build/mybot_gazebo/CMakeFiles/CMakeTmp'
Building C object CMakeFiles/cmTC_97e7a.dir/CheckFunctionExists.c.o
/usr/bin/cc    -DCHECK_FUNCTION_EXISTS=pthread_create   -o CMakeFiles/cmTC_97e7a.dir/CheckFunctionExists.c.o   -c /usr/share/cmake-3.5/Modules/CheckFunctionExists.c
Linking C executable cmTC_97e7a
/usr/bin/cmake -E cmake_link_script CMakeFiles/cmTC_97e7a.dir/link.txt --verbose=1
/usr/bin/cc   -DCHECK_FUNCTION_EXISTS=pthread_create    CMakeFiles/cmTC_97e7a.dir/CheckFunctionExists.c.o  -o cmTC_97e7a -rdynamic -lpthreads 
/usr/bin/ld: cannot find -lpthreads
collect2: error: ld returned 1 exit status
CMakeFiles/cmTC_97e7a.dir/build.make:97: recipe for target 'cmTC_97e7a' failed
make[1]: *** [cmTC_97e7a] Error 1
make[1]: Leaving directory '/home/alfredfn/mybot_ws/build/mybot_gazebo/CMakeFiles/CMakeTmp'
Makefile:126: recipe for target 'cmTC_97e7a/fast' failed
make: *** [cmTC_97e7a/fast] Error 2


